2024-03-07T09:51:39.791+09:00  INFO 5776 --- [main] c.e.c.Chapter03testApplication           : Starting Chapter03testApplication using Java 21.0.2 with PID 5776 (C:\java\web\chapter03\chapter03testassesment\build\classes\java\main started by fox-hound in C:\java\web\chapter03\chapter03testassesment)
2024-03-07T09:51:39.795+09:00  INFO 5776 --- [main] c.e.c.Chapter03testApplication           : No active profile set, falling back to 1 default profile: "default"
2024-03-07T09:51:41.266+09:00  INFO 5776 --- [main] .s.d.r.c.RepositoryConfigurationDelegate : Bootstrapping Spring Data JPA repositories in DEFAULT mode.
2024-03-07T09:51:41.390+09:00  INFO 5776 --- [main] .s.d.r.c.RepositoryConfigurationDelegate : Finished Spring Data repository scanning in 105 ms. Found 2 JPA repository interfaces.
2024-03-07T09:51:42.919+09:00  INFO 5776 --- [main] o.s.b.w.embedded.tomcat.TomcatWebServer  : Tomcat initialized with port 8080 (http)
2024-03-07T09:51:42.948+09:00  INFO 5776 --- [main] o.apache.catalina.core.StandardService   : Starting service [Tomcat]
2024-03-07T09:51:42.949+09:00  INFO 5776 --- [main] o.apache.catalina.core.StandardEngine    : Starting Servlet engine: [Apache Tomcat/10.1.18]
2024-03-07T09:51:43.075+09:00  INFO 5776 --- [main] o.a.c.c.C.[Tomcat].[localhost].[/]       : Initializing Spring embedded WebApplicationContext
2024-03-07T09:51:43.076+09:00  INFO 5776 --- [main] w.s.c.ServletWebServerApplicationContext : Root WebApplicationContext: initialization completed in 3197 ms
2024-03-07T09:51:43.398+09:00  INFO 5776 --- [main] o.hibernate.jpa.internal.util.LogHelper  : HHH000204: Processing PersistenceUnitInfo [name: default]
2024-03-07T09:51:43.512+09:00  INFO 5776 --- [main] org.hibernate.Version                    : HHH000412: Hibernate ORM core version 6.4.1.Final
2024-03-07T09:51:43.636+09:00  INFO 5776 --- [main] o.h.c.internal.RegionFactoryInitiator    : HHH000026: Second-level cache disabled
2024-03-07T09:51:44.148+09:00  INFO 5776 --- [main] o.s.o.j.p.SpringPersistenceUnitInfo      : No LoadTimeWeaver setup: ignoring JPA class transformer
2024-03-07T09:51:44.201+09:00  INFO 5776 --- [main] com.zaxxer.hikari.HikariDataSource       : HikariPool-1 - Starting...
2024-03-07T09:51:44.496+09:00  INFO 5776 --- [main] com.zaxxer.hikari.pool.HikariPool        : HikariPool-1 - Added connection org.postgresql.jdbc.PgConnection@36e409e0
2024-03-07T09:51:44.498+09:00  INFO 5776 --- [main] com.zaxxer.hikari.HikariDataSource       : HikariPool-1 - Start completed.
2024-03-07T09:51:46.085+09:00  INFO 5776 --- [main] o.h.e.t.j.p.i.JtaPlatformInitiator       : HHH000489: No JTA platform available (set 'hibernate.transaction.jta.platform' to enable JTA platform integration)
2024-03-07T09:51:46.214+09:00  INFO 5776 --- [main] j.LocalContainerEntityManagerFactoryBean : Initialized JPA EntityManagerFactory for persistence unit 'default'
2024-03-07T09:51:46.920+09:00  WARN 5776 --- [main] JpaBaseConfiguration$JpaWebConfiguration : spring.jpa.open-in-view is enabled by default. Therefore, database queries may be performed during view rendering. Explicitly configure spring.jpa.open-in-view to disable this warning
2024-03-07T09:51:47.448+09:00  INFO 5776 --- [main] o.s.s.web.DefaultSecurityFilterChain     : Will secure any request with [org.springframework.security.web.session.DisableEncodeUrlFilter@5de6c7d7, org.springframework.security.web.context.request.async.WebAsyncManagerIntegrationFilter@69f55ea, org.springframework.security.web.context.SecurityContextHolderFilter@4fe8e318, org.springframework.security.web.header.HeaderWriterFilter@1ece052b, org.springframework.web.filter.CorsFilter@2b370ca9, org.springframework.security.web.csrf.CsrfFilter@679886ad, org.springframework.security.web.authentication.logout.LogoutFilter@46878216, org.springframework.security.web.authentication.UsernamePasswordAuthenticationFilter@15324f25, org.springframework.security.web.authentication.ui.DefaultLoginPageGeneratingFilter@5263f554, org.springframework.security.web.authentication.ui.DefaultLogoutPageGeneratingFilter@3203a4ae, org.springframework.security.web.savedrequest.RequestCacheAwareFilter@62cf873a, org.springframework.security.web.servletapi.SecurityContextHolderAwareRequestFilter@21b3d356, org.springframework.security.web.authentication.AnonymousAuthenticationFilter@59301546, org.springframework.security.web.access.ExceptionTranslationFilter@74130456, org.springframework.security.web.access.intercept.AuthorizationFilter@1067bc4c]
2024-03-07T09:51:47.945+09:00  INFO 5776 --- [main] o.s.b.w.embedded.tomcat.TomcatWebServer  : Tomcat started on port 8080 (http) with context path ''
2024-03-07T09:51:47.960+09:00  INFO 5776 --- [main] c.e.c.Chapter03testApplication           : Started Chapter03testApplication in 8.75 seconds (process running for 9.772)
2024-03-07T09:52:21.503+09:00  INFO 5776 --- [http-nio-8080-exec-1] o.a.c.c.C.[Tomcat].[localhost].[/]       : Initializing Spring DispatcherServlet 'dispatcherServlet'
2024-03-07T09:52:21.505+09:00  INFO 5776 --- [http-nio-8080-exec-1] o.s.web.servlet.DispatcherServlet        : Initializing Servlet 'dispatcherServlet'
2024-03-07T09:52:21.507+09:00  INFO 5776 --- [http-nio-8080-exec-1] o.s.web.servlet.DispatcherServlet        : Completed initialization in 1 ms
2024-03-07T10:13:04.941+09:00  INFO 58808 --- [main] c.e.c.Chapter03testApplication           : Starting Chapter03testApplication using Java 21.0.2 with PID 58808 (C:\java\web\chapter03\chapter03testassesment\build\classes\java\main started by fox-hound in C:\java\web\chapter03\chapter03testassesment)
2024-03-07T10:13:04.943+09:00  INFO 58808 --- [main] c.e.c.Chapter03testApplication           : No active profile set, falling back to 1 default profile: "default"
2024-03-07T10:13:07.248+09:00  INFO 58808 --- [main] .s.d.r.c.RepositoryConfigurationDelegate : Bootstrapping Spring Data JPA repositories in DEFAULT mode.
2024-03-07T10:13:07.381+09:00  INFO 58808 --- [main] .s.d.r.c.RepositoryConfigurationDelegate : Finished Spring Data repository scanning in 110 ms. Found 2 JPA repository interfaces.
2024-03-07T10:13:08.739+09:00  INFO 58808 --- [main] o.s.b.w.embedded.tomcat.TomcatWebServer  : Tomcat initialized with port 8080 (http)
2024-03-07T10:13:08.775+09:00  INFO 58808 --- [main] o.apache.catalina.core.StandardService   : Starting service [Tomcat]
2024-03-07T10:13:08.776+09:00  INFO 58808 --- [main] o.apache.catalina.core.StandardEngine    : Starting Servlet engine: [Apache Tomcat/10.1.18]
2024-03-07T10:13:08.875+09:00  INFO 58808 --- [main] o.a.c.c.C.[Tomcat].[localhost].[/]       : Initializing Spring embedded WebApplicationContext
2024-03-07T10:13:08.876+09:00  INFO 58808 --- [main] w.s.c.ServletWebServerApplicationContext : Root WebApplicationContext: initialization completed in 3828 ms
2024-03-07T10:13:09.299+09:00  INFO 58808 --- [main] o.hibernate.jpa.internal.util.LogHelper  : HHH000204: Processing PersistenceUnitInfo [name: default]
2024-03-07T10:13:09.437+09:00  INFO 58808 --- [main] org.hibernate.Version                    : HHH000412: Hibernate ORM core version 6.4.1.Final
2024-03-07T10:13:09.485+09:00  INFO 58808 --- [main] o.h.c.internal.RegionFactoryInitiator    : HHH000026: Second-level cache disabled
2024-03-07T10:13:09.932+09:00  INFO 58808 --- [main] o.s.o.j.p.SpringPersistenceUnitInfo      : No LoadTimeWeaver setup: ignoring JPA class transformer
2024-03-07T10:13:09.981+09:00  INFO 58808 --- [main] com.zaxxer.hikari.HikariDataSource       : HikariPool-1 - Starting...
2024-03-07T10:13:10.275+09:00  INFO 58808 --- [main] com.zaxxer.hikari.pool.HikariPool        : HikariPool-1 - Added connection org.postgresql.jdbc.PgConnection@36df4c26
2024-03-07T10:13:10.277+09:00  INFO 58808 --- [main] com.zaxxer.hikari.HikariDataSource       : HikariPool-1 - Start completed.
2024-03-07T10:13:11.744+09:00  INFO 58808 --- [main] o.h.e.t.j.p.i.JtaPlatformInitiator       : HHH000489: No JTA platform available (set 'hibernate.transaction.jta.platform' to enable JTA platform integration)
2024-03-07T10:13:11.889+09:00  INFO 58808 --- [main] j.LocalContainerEntityManagerFactoryBean : Initialized JPA EntityManagerFactory for persistence unit 'default'
2024-03-07T10:13:12.815+09:00  WARN 58808 --- [main] JpaBaseConfiguration$JpaWebConfiguration : spring.jpa.open-in-view is enabled by default. Therefore, database queries may be performed during view rendering. Explicitly configure spring.jpa.open-in-view to disable this warning
2024-03-07T10:13:13.414+09:00  INFO 58808 --- [main] o.s.s.web.DefaultSecurityFilterChain     : Will secure any request with [org.springframework.security.web.session.DisableEncodeUrlFilter@3fe21d0e, org.springframework.security.web.context.request.async.WebAsyncManagerIntegrationFilter@787b7796, org.springframework.security.web.context.SecurityContextHolderFilter@758ac46, org.springframework.security.web.header.HeaderWriterFilter@73072745, org.springframework.web.filter.CorsFilter@a0e35c3, org.springframework.security.web.csrf.CsrfFilter@7f1b2f07, org.springframework.security.web.authentication.logout.LogoutFilter@75caecf7, org.springframework.security.web.authentication.UsernamePasswordAuthenticationFilter@61cff1e4, org.springframework.security.web.authentication.ui.DefaultLoginPageGeneratingFilter@65a3d7c9, org.springframework.security.web.authentication.ui.DefaultLogoutPageGeneratingFilter@1d7f0cd0, org.springframework.security.web.savedrequest.RequestCacheAwareFilter@593e594f, org.springframework.security.web.servletapi.SecurityContextHolderAwareRequestFilter@3a1e5fa7, org.springframework.security.web.authentication.AnonymousAuthenticationFilter@325a781c, org.springframework.security.web.access.ExceptionTranslationFilter@67eabe02, org.springframework.security.web.access.intercept.AuthorizationFilter@4c57ca10]
2024-03-07T10:13:14.195+09:00  INFO 58808 --- [main] o.s.b.w.embedded.tomcat.TomcatWebServer  : Tomcat started on port 8080 (http) with context path ''
2024-03-07T10:13:14.211+09:00  INFO 58808 --- [main] c.e.c.Chapter03testApplication           : Started Chapter03testApplication in 10.281 seconds (process running for 11.057)
2024-03-07T10:16:00.374+09:00  INFO 48008 --- [main] c.e.c.Chapter03testApplication           : Starting Chapter03testApplication using Java 21.0.2 with PID 48008 (C:\java\web\chapter03\chapter03testassesment\build\classes\java\main started by fox-hound in c:\java\web\chapter03\chapter03testassesment)
2024-03-07T10:16:00.378+09:00  INFO 48008 --- [main] c.e.c.Chapter03testApplication           : No active profile set, falling back to 1 default profile: "default"
2024-03-07T10:16:02.011+09:00  INFO 48008 --- [main] .s.d.r.c.RepositoryConfigurationDelegate : Bootstrapping Spring Data JPA repositories in DEFAULT mode.
2024-03-07T10:16:02.106+09:00  INFO 48008 --- [main] .s.d.r.c.RepositoryConfigurationDelegate : Finished Spring Data repository scanning in 86 ms. Found 2 JPA repository interfaces.
2024-03-07T10:16:03.789+09:00  INFO 48008 --- [main] o.s.b.w.embedded.tomcat.TomcatWebServer  : Tomcat initialized with port 8080 (http)
2024-03-07T10:16:03.814+09:00  INFO 48008 --- [main] o.apache.catalina.core.StandardService   : Starting service [Tomcat]
2024-03-07T10:16:03.815+09:00  INFO 48008 --- [main] o.apache.catalina.core.StandardEngine    : Starting Servlet engine: [Apache Tomcat/10.1.18]
2024-03-07T10:16:03.958+09:00  INFO 48008 --- [main] o.a.c.c.C.[Tomcat].[localhost].[/]       : Initializing Spring embedded WebApplicationContext
2024-03-07T10:16:03.959+09:00  INFO 48008 --- [main] w.s.c.ServletWebServerApplicationContext : Root WebApplicationContext: initialization completed in 3473 ms
2024-03-07T10:16:04.374+09:00  INFO 48008 --- [main] o.hibernate.jpa.internal.util.LogHelper  : HHH000204: Processing PersistenceUnitInfo [name: default]
2024-03-07T10:16:04.577+09:00  INFO 48008 --- [main] org.hibernate.Version                    : HHH000412: Hibernate ORM core version 6.4.1.Final
2024-03-07T10:16:04.658+09:00  INFO 48008 --- [main] o.h.c.internal.RegionFactoryInitiator    : HHH000026: Second-level cache disabled
2024-03-07T10:16:05.079+09:00  INFO 48008 --- [main] o.s.o.j.p.SpringPersistenceUnitInfo      : No LoadTimeWeaver setup: ignoring JPA class transformer
2024-03-07T10:16:05.122+09:00  INFO 48008 --- [main] com.zaxxer.hikari.HikariDataSource       : HikariPool-1 - Starting...
2024-03-07T10:16:05.383+09:00  INFO 48008 --- [main] com.zaxxer.hikari.pool.HikariPool        : HikariPool-1 - Added connection org.postgresql.jdbc.PgConnection@18c820d2
2024-03-07T10:16:05.386+09:00  INFO 48008 --- [main] com.zaxxer.hikari.HikariDataSource       : HikariPool-1 - Start completed.
2024-03-07T10:16:06.761+09:00  INFO 48008 --- [main] o.h.e.t.j.p.i.JtaPlatformInitiator       : HHH000489: No JTA platform available (set 'hibernate.transaction.jta.platform' to enable JTA platform integration)
2024-03-07T10:16:06.884+09:00  INFO 48008 --- [main] j.LocalContainerEntityManagerFactoryBean : Initialized JPA EntityManagerFactory for persistence unit 'default'
2024-03-07T10:16:07.675+09:00  WARN 48008 --- [main] JpaBaseConfiguration$JpaWebConfiguration : spring.jpa.open-in-view is enabled by default. Therefore, database queries may be performed during view rendering. Explicitly configure spring.jpa.open-in-view to disable this warning
2024-03-07T10:16:08.230+09:00  INFO 48008 --- [main] o.s.s.web.DefaultSecurityFilterChain     : Will secure any request with [org.springframework.security.web.session.DisableEncodeUrlFilter@634d56eb, org.springframework.security.web.context.request.async.WebAsyncManagerIntegrationFilter@4cd7128, org.springframework.security.web.context.SecurityContextHolderFilter@5de6c7d7, org.springframework.security.web.header.HeaderWriterFilter@207f7baa, org.springframework.web.filter.CorsFilter@22b4ad0c, org.springframework.security.web.csrf.CsrfFilter@1a1c308b, org.springframework.security.web.authentication.logout.LogoutFilter@1188e08b, org.springframework.security.web.authentication.UsernamePasswordAuthenticationFilter@52a8f789, org.springframework.security.web.authentication.ui.DefaultLoginPageGeneratingFilter@40f77135, org.springframework.security.web.authentication.ui.DefaultLogoutPageGeneratingFilter@25af1dbf, org.springframework.security.web.savedrequest.RequestCacheAwareFilter@2b370ca9, org.springframework.security.web.servletapi.SecurityContextHolderAwareRequestFilter@3203a4ae, org.springframework.security.web.authentication.AnonymousAuthenticationFilter@2cdcedef, org.springframework.security.web.access.ExceptionTranslationFilter@4687fee7, org.springframework.security.web.access.intercept.AuthorizationFilter@1146e32e]
2024-03-07T10:16:08.835+09:00  INFO 48008 --- [main] o.s.b.w.embedded.tomcat.TomcatWebServer  : Tomcat started on port 8080 (http) with context path ''
2024-03-07T10:16:08.853+09:00  INFO 48008 --- [main] c.e.c.Chapter03testApplication           : Started Chapter03testApplication in 9.383 seconds (process running for 10.444)
2024-03-07T10:16:18.707+09:00  INFO 48008 --- [http-nio-8080-exec-1] o.a.c.c.C.[Tomcat].[localhost].[/]       : Initializing Spring DispatcherServlet 'dispatcherServlet'
2024-03-07T10:16:18.707+09:00  INFO 48008 --- [http-nio-8080-exec-1] o.s.web.servlet.DispatcherServlet        : Initializing Servlet 'dispatcherServlet'
2024-03-07T10:16:18.711+09:00  INFO 48008 --- [http-nio-8080-exec-1] o.s.web.servlet.DispatcherServlet        : Completed initialization in 3 ms
2024-03-07T10:19:32.153+09:00  INFO 5132 --- [main] c.e.c.Chapter03testApplication           : Starting Chapter03testApplication using Java 21.0.2 with PID 5132 (C:\java\web\chapter03\chapter03testassesment\build\classes\java\main started by fox-hound in C:\java\web\chapter03\chapter03testassesment)
2024-03-07T10:19:32.156+09:00  INFO 5132 --- [main] c.e.c.Chapter03testApplication           : No active profile set, falling back to 1 default profile: "default"
2024-03-07T10:19:33.725+09:00  INFO 5132 --- [main] .s.d.r.c.RepositoryConfigurationDelegate : Bootstrapping Spring Data JPA repositories in DEFAULT mode.
2024-03-07T10:19:33.872+09:00  INFO 5132 --- [main] .s.d.r.c.RepositoryConfigurationDelegate : Finished Spring Data repository scanning in 130 ms. Found 2 JPA repository interfaces.
2024-03-07T10:19:35.326+09:00  INFO 5132 --- [main] o.s.b.w.embedded.tomcat.TomcatWebServer  : Tomcat initialized with port 8080 (http)
2024-03-07T10:19:35.358+09:00  INFO 5132 --- [main] o.apache.catalina.core.StandardService   : Starting service [Tomcat]
2024-03-07T10:19:35.359+09:00  INFO 5132 --- [main] o.apache.catalina.core.StandardEngine    : Starting Servlet engine: [Apache Tomcat/10.1.18]
2024-03-07T10:19:35.516+09:00  INFO 5132 --- [main] o.a.c.c.C.[Tomcat].[localhost].[/]       : Initializing Spring embedded WebApplicationContext
2024-03-07T10:19:35.517+09:00  INFO 5132 --- [main] w.s.c.ServletWebServerApplicationContext : Root WebApplicationContext: initialization completed in 3266 ms
2024-03-07T10:19:35.930+09:00  INFO 5132 --- [main] o.hibernate.jpa.internal.util.LogHelper  : HHH000204: Processing PersistenceUnitInfo [name: default]
2024-03-07T10:19:36.086+09:00  INFO 5132 --- [main] org.hibernate.Version                    : HHH000412: Hibernate ORM core version 6.4.1.Final
2024-03-07T10:19:36.165+09:00  INFO 5132 --- [main] o.h.c.internal.RegionFactoryInitiator    : HHH000026: Second-level cache disabled
2024-03-07T10:19:36.558+09:00  INFO 5132 --- [main] o.s.o.j.p.SpringPersistenceUnitInfo      : No LoadTimeWeaver setup: ignoring JPA class transformer
2024-03-07T10:19:36.597+09:00  INFO 5132 --- [main] com.zaxxer.hikari.HikariDataSource       : HikariPool-1 - Starting...
2024-03-07T10:19:36.923+09:00  INFO 5132 --- [main] com.zaxxer.hikari.pool.HikariPool        : HikariPool-1 - Added connection org.postgresql.jdbc.PgConnection@4c56644f
2024-03-07T10:19:36.925+09:00  INFO 5132 --- [main] com.zaxxer.hikari.HikariDataSource       : HikariPool-1 - Start completed.
2024-03-07T10:19:38.283+09:00  INFO 5132 --- [main] o.h.e.t.j.p.i.JtaPlatformInitiator       : HHH000489: No JTA platform available (set 'hibernate.transaction.jta.platform' to enable JTA platform integration)
2024-03-07T10:19:38.384+09:00  INFO 5132 --- [main] j.LocalContainerEntityManagerFactoryBean : Initialized JPA EntityManagerFactory for persistence unit 'default'
2024-03-07T10:19:39.394+09:00  WARN 5132 --- [main] JpaBaseConfiguration$JpaWebConfiguration : spring.jpa.open-in-view is enabled by default. Therefore, database queries may be performed during view rendering. Explicitly configure spring.jpa.open-in-view to disable this warning
2024-03-07T10:19:39.856+09:00  INFO 5132 --- [main] o.s.s.web.DefaultSecurityFilterChain     : Will secure any request with [org.springframework.security.web.session.DisableEncodeUrlFilter@35c9f527, org.springframework.security.web.context.request.async.WebAsyncManagerIntegrationFilter@52b7c1d9, org.springframework.security.web.context.SecurityContextHolderFilter@508abc74, org.springframework.security.web.header.HeaderWriterFilter@30d2f9ea, org.springframework.web.filter.CorsFilter@451f3f66, org.springframework.security.web.csrf.CsrfFilter@4a7c8cb7, org.springframework.security.web.authentication.logout.LogoutFilter@1cb73a92, org.springframework.security.web.authentication.UsernamePasswordAuthenticationFilter@6afb240d, org.springframework.security.web.authentication.ui.DefaultLoginPageGeneratingFilter@55ff64fd, org.springframework.security.web.authentication.ui.DefaultLogoutPageGeneratingFilter@5d1eb214, org.springframework.security.web.savedrequest.RequestCacheAwareFilter@386ea60f, org.springframework.security.web.servletapi.SecurityContextHolderAwareRequestFilter@c7b100b, org.springframework.security.web.authentication.AnonymousAuthenticationFilter@2784145d, org.springframework.security.web.access.ExceptionTranslationFilter@40dc2ade, org.springframework.security.web.access.intercept.AuthorizationFilter@5625ba2]
2024-03-07T10:19:40.315+09:00  INFO 5132 --- [main] o.s.b.w.embedded.tomcat.TomcatWebServer  : Tomcat started on port 8080 (http) with context path ''
2024-03-07T10:19:40.332+09:00  INFO 5132 --- [main] c.e.c.Chapter03testApplication           : Started Chapter03testApplication in 8.814 seconds (process running for 9.588)
2024-03-07T10:19:46.565+09:00  INFO 5132 --- [http-nio-8080-exec-2] o.a.c.c.C.[Tomcat].[localhost].[/]       : Initializing Spring DispatcherServlet 'dispatcherServlet'
2024-03-07T10:19:46.566+09:00  INFO 5132 --- [http-nio-8080-exec-2] o.s.web.servlet.DispatcherServlet        : Initializing Servlet 'dispatcherServlet'
2024-03-07T10:19:46.568+09:00  INFO 5132 --- [http-nio-8080-exec-2] o.s.web.servlet.DispatcherServlet        : Completed initialization in 1 ms
2024-03-07T10:30:25.080+09:00  INFO 37468 --- [main] c.e.c.Chapter03testApplication           : Starting Chapter03testApplication using Java 21.0.2 with PID 37468 (C:\java\web\chapter03\chapter03testassesment\build\classes\java\main started by fox-hound in C:\java\web\chapter03\chapter03testassesment)
2024-03-07T10:30:25.085+09:00  INFO 37468 --- [main] c.e.c.Chapter03testApplication           : No active profile set, falling back to 1 default profile: "default"
2024-03-07T10:30:26.907+09:00  INFO 37468 --- [main] .s.d.r.c.RepositoryConfigurationDelegate : Bootstrapping Spring Data JPA repositories in DEFAULT mode.
2024-03-07T10:30:26.997+09:00  INFO 37468 --- [main] .s.d.r.c.RepositoryConfigurationDelegate : Finished Spring Data repository scanning in 75 ms. Found 2 JPA repository interfaces.
2024-03-07T10:30:28.909+09:00  INFO 37468 --- [main] o.s.b.w.embedded.tomcat.TomcatWebServer  : Tomcat initialized with port 8080 (http)
2024-03-07T10:30:28.946+09:00  INFO 37468 --- [main] o.apache.catalina.core.StandardService   : Starting service [Tomcat]
2024-03-07T10:30:28.947+09:00  INFO 37468 --- [main] o.apache.catalina.core.StandardEngine    : Starting Servlet engine: [Apache Tomcat/10.1.18]
2024-03-07T10:30:29.102+09:00  INFO 37468 --- [main] o.a.c.c.C.[Tomcat].[localhost].[/]       : Initializing Spring embedded WebApplicationContext
2024-03-07T10:30:29.103+09:00  INFO 37468 --- [main] w.s.c.ServletWebServerApplicationContext : Root WebApplicationContext: initialization completed in 3896 ms
2024-03-07T10:30:29.445+09:00  INFO 37468 --- [main] o.hibernate.jpa.internal.util.LogHelper  : HHH000204: Processing PersistenceUnitInfo [name: default]
2024-03-07T10:30:29.730+09:00  INFO 37468 --- [main] org.hibernate.Version                    : HHH000412: Hibernate ORM core version 6.4.1.Final
2024-03-07T10:30:29.829+09:00  INFO 37468 --- [main] o.h.c.internal.RegionFactoryInitiator    : HHH000026: Second-level cache disabled
2024-03-07T10:30:30.464+09:00  INFO 37468 --- [main] o.s.o.j.p.SpringPersistenceUnitInfo      : No LoadTimeWeaver setup: ignoring JPA class transformer
2024-03-07T10:30:30.503+09:00  INFO 37468 --- [main] com.zaxxer.hikari.HikariDataSource       : HikariPool-1 - Starting...
2024-03-07T10:30:30.773+09:00  INFO 37468 --- [main] com.zaxxer.hikari.pool.HikariPool        : HikariPool-1 - Added connection org.postgresql.jdbc.PgConnection@655203e3
2024-03-07T10:30:30.776+09:00  INFO 37468 --- [main] com.zaxxer.hikari.HikariDataSource       : HikariPool-1 - Start completed.
2024-03-07T10:30:32.394+09:00  INFO 37468 --- [main] o.h.e.t.j.p.i.JtaPlatformInitiator       : HHH000489: No JTA platform available (set 'hibernate.transaction.jta.platform' to enable JTA platform integration)
2024-03-07T10:30:32.483+09:00  INFO 37468 --- [main] j.LocalContainerEntityManagerFactoryBean : Initialized JPA EntityManagerFactory for persistence unit 'default'
2024-03-07T10:30:33.145+09:00  WARN 37468 --- [main] JpaBaseConfiguration$JpaWebConfiguration : spring.jpa.open-in-view is enabled by default. Therefore, database queries may be performed during view rendering. Explicitly configure spring.jpa.open-in-view to disable this warning
2024-03-07T10:30:33.559+09:00  INFO 37468 --- [main] o.s.s.web.DefaultSecurityFilterChain     : Will secure any request with [org.springframework.security.web.session.DisableEncodeUrlFilter@451f3f66, org.springframework.security.web.context.request.async.WebAsyncManagerIntegrationFilter@5d1eb214, org.springframework.security.web.context.SecurityContextHolderFilter@386ea60f, org.springframework.security.web.header.HeaderWriterFilter@3a61d819, org.springframework.web.filter.CorsFilter@2784145d, org.springframework.security.web.csrf.CsrfFilter@2351255a, org.springframework.security.web.authentication.logout.LogoutFilter@36017835, org.springframework.security.web.authentication.UsernamePasswordAuthenticationFilter@799557c8, org.springframework.security.web.authentication.ui.DefaultLoginPageGeneratingFilter@445c693, org.springframework.security.web.authentication.ui.DefaultLogoutPageGeneratingFilter@4bd1b07d, org.springframework.security.web.savedrequest.RequestCacheAwareFilter@99774ec, org.springframework.security.web.servletapi.SecurityContextHolderAwareRequestFilter@7ec176da, org.springframework.security.web.authentication.AnonymousAuthenticationFilter@7789526e, org.springframework.security.web.access.ExceptionTranslationFilter@30d2f9ea, org.springframework.security.web.access.intercept.AuthorizationFilter@35c9f527]
2024-03-07T10:30:34.086+09:00  INFO 37468 --- [main] o.s.b.w.embedded.tomcat.TomcatWebServer  : Tomcat started on port 8080 (http) with context path ''
2024-03-07T10:30:34.107+09:00  INFO 37468 --- [main] c.e.c.Chapter03testApplication           : Started Chapter03testApplication in 9.758 seconds (process running for 10.335)
2024-03-07T10:30:44.464+09:00  INFO 37468 --- [http-nio-8080-exec-2] o.a.c.c.C.[Tomcat].[localhost].[/]       : Initializing Spring DispatcherServlet 'dispatcherServlet'
2024-03-07T10:30:44.466+09:00  INFO 37468 --- [http-nio-8080-exec-2] o.s.web.servlet.DispatcherServlet        : Initializing Servlet 'dispatcherServlet'
2024-03-07T10:30:44.468+09:00  INFO 37468 --- [http-nio-8080-exec-2] o.s.web.servlet.DispatcherServlet        : Completed initialization in 0 ms
2024-03-07T10:37:41.373+09:00  INFO 56596 --- [main] c.e.c.Chapter03testApplication           : Starting Chapter03testApplication using Java 21.0.2 with PID 56596 (C:\java\web\chapter03\chapter03testassesment\build\classes\java\main started by fox-hound in C:\java\web\chapter03\chapter03testassesment)
2024-03-07T10:37:41.377+09:00  INFO 56596 --- [main] c.e.c.Chapter03testApplication           : No active profile set, falling back to 1 default profile: "default"
2024-03-07T10:37:42.574+09:00  INFO 56596 --- [main] .s.d.r.c.RepositoryConfigurationDelegate : Bootstrapping Spring Data JPA repositories in DEFAULT mode.
2024-03-07T10:37:42.681+09:00  INFO 56596 --- [main] .s.d.r.c.RepositoryConfigurationDelegate : Finished Spring Data repository scanning in 98 ms. Found 2 JPA repository interfaces.
2024-03-07T10:37:44.114+09:00  INFO 56596 --- [main] o.s.b.w.embedded.tomcat.TomcatWebServer  : Tomcat initialized with port 8080 (http)
2024-03-07T10:37:44.153+09:00  INFO 56596 --- [main] o.apache.catalina.core.StandardService   : Starting service [Tomcat]
2024-03-07T10:37:44.155+09:00  INFO 56596 --- [main] o.apache.catalina.core.StandardEngine    : Starting Servlet engine: [Apache Tomcat/10.1.18]
2024-03-07T10:37:44.308+09:00  INFO 56596 --- [main] o.a.c.c.C.[Tomcat].[localhost].[/]       : Initializing Spring embedded WebApplicationContext
2024-03-07T10:37:44.310+09:00  INFO 56596 --- [main] w.s.c.ServletWebServerApplicationContext : Root WebApplicationContext: initialization completed in 2847 ms
2024-03-07T10:37:44.595+09:00  INFO 56596 --- [main] o.hibernate.jpa.internal.util.LogHelper  : HHH000204: Processing PersistenceUnitInfo [name: default]
2024-03-07T10:37:44.696+09:00  INFO 56596 --- [main] org.hibernate.Version                    : HHH000412: Hibernate ORM core version 6.4.1.Final
2024-03-07T10:37:44.761+09:00  INFO 56596 --- [main] o.h.c.internal.RegionFactoryInitiator    : HHH000026: Second-level cache disabled
2024-03-07T10:37:45.239+09:00  INFO 56596 --- [main] o.s.o.j.p.SpringPersistenceUnitInfo      : No LoadTimeWeaver setup: ignoring JPA class transformer
2024-03-07T10:37:45.274+09:00  INFO 56596 --- [main] com.zaxxer.hikari.HikariDataSource       : HikariPool-1 - Starting...
2024-03-07T10:37:45.534+09:00  INFO 56596 --- [main] com.zaxxer.hikari.pool.HikariPool        : HikariPool-1 - Added connection org.postgresql.jdbc.PgConnection@5280688
2024-03-07T10:37:45.537+09:00  INFO 56596 --- [main] com.zaxxer.hikari.HikariDataSource       : HikariPool-1 - Start completed.
2024-03-07T10:37:47.006+09:00  INFO 56596 --- [main] o.h.e.t.j.p.i.JtaPlatformInitiator       : HHH000489: No JTA platform available (set 'hibernate.transaction.jta.platform' to enable JTA platform integration)
2024-03-07T10:37:47.102+09:00  INFO 56596 --- [main] j.LocalContainerEntityManagerFactoryBean : Initialized JPA EntityManagerFactory for persistence unit 'default'
2024-03-07T10:37:47.920+09:00  WARN 56596 --- [main] JpaBaseConfiguration$JpaWebConfiguration : spring.jpa.open-in-view is enabled by default. Therefore, database queries may be performed during view rendering. Explicitly configure spring.jpa.open-in-view to disable this warning
2024-03-07T10:37:48.421+09:00  INFO 56596 --- [main] o.s.s.web.DefaultSecurityFilterChain     : Will secure any request with [org.springframework.security.web.session.DisableEncodeUrlFilter@543a7605, org.springframework.security.web.context.request.async.WebAsyncManagerIntegrationFilter@33997e07, org.springframework.security.web.context.SecurityContextHolderFilter@457d3f54, org.springframework.security.web.header.HeaderWriterFilter@1718de70, org.springframework.web.filter.CorsFilter@639bf405, org.springframework.security.web.csrf.CsrfFilter@507fecf3, org.springframework.security.web.authentication.logout.LogoutFilter@677274e7, org.springframework.security.web.authentication.UsernamePasswordAuthenticationFilter@1e487d57, org.springframework.security.web.authentication.ui.DefaultLoginPageGeneratingFilter@1a99744a, org.springframework.security.web.authentication.ui.DefaultLogoutPageGeneratingFilter@eda7dd3, org.springframework.security.web.savedrequest.RequestCacheAwareFilter@1da61a29, org.springframework.security.web.servletapi.SecurityContextHolderAwareRequestFilter@47cf922d, org.springframework.security.web.authentication.AnonymousAuthenticationFilter@9d7a853, org.springframework.security.web.access.ExceptionTranslationFilter@3a720ae3, org.springframework.security.web.access.intercept.AuthorizationFilter@69e736bf]
2024-03-07T10:37:48.940+09:00  INFO 56596 --- [main] o.s.b.w.embedded.tomcat.TomcatWebServer  : Tomcat started on port 8080 (http) with context path ''
2024-03-07T10:37:48.953+09:00  INFO 56596 --- [main] c.e.c.Chapter03testApplication           : Started Chapter03testApplication in 8.185 seconds (process running for 8.853)
2024-03-07T10:38:04.976+09:00  INFO 56596 --- [http-nio-8080-exec-2] o.a.c.c.C.[Tomcat].[localhost].[/]       : Initializing Spring DispatcherServlet 'dispatcherServlet'
2024-03-07T10:38:04.977+09:00  INFO 56596 --- [http-nio-8080-exec-2] o.s.web.servlet.DispatcherServlet        : Initializing Servlet 'dispatcherServlet'
2024-03-07T10:38:04.978+09:00  INFO 56596 --- [http-nio-8080-exec-2] o.s.web.servlet.DispatcherServlet        : Completed initialization in 1 ms
2024-03-07T10:57:00.771+09:00  INFO 55200 --- [main] c.e.c.Chapter03testApplication           : Starting Chapter03testApplication using Java 21.0.2 with PID 55200 (C:\java\web\chapter03\chapter03testassesment\build\classes\java\main started by fox-hound in C:\java\web\chapter03\chapter03testassesment)
2024-03-07T10:57:00.776+09:00  INFO 55200 --- [main] c.e.c.Chapter03testApplication           : No active profile set, falling back to 1 default profile: "default"
2024-03-07T10:57:02.026+09:00  INFO 55200 --- [main] .s.d.r.c.RepositoryConfigurationDelegate : Bootstrapping Spring Data JPA repositories in DEFAULT mode.
2024-03-07T10:57:02.131+09:00  INFO 55200 --- [main] .s.d.r.c.RepositoryConfigurationDelegate : Finished Spring Data repository scanning in 83 ms. Found 2 JPA repository interfaces.
2024-03-07T10:57:03.483+09:00  INFO 55200 --- [main] o.s.b.w.embedded.tomcat.TomcatWebServer  : Tomcat initialized with port 8080 (http)
2024-03-07T10:57:03.522+09:00  INFO 55200 --- [main] o.apache.catalina.core.StandardService   : Starting service [Tomcat]
2024-03-07T10:57:03.524+09:00  INFO 55200 --- [main] o.apache.catalina.core.StandardEngine    : Starting Servlet engine: [Apache Tomcat/10.1.18]
2024-03-07T10:57:03.657+09:00  INFO 55200 --- [main] o.a.c.c.C.[Tomcat].[localhost].[/]       : Initializing Spring embedded WebApplicationContext
2024-03-07T10:57:03.658+09:00  INFO 55200 --- [main] w.s.c.ServletWebServerApplicationContext : Root WebApplicationContext: initialization completed in 2780 ms
2024-03-07T10:57:04.004+09:00  INFO 55200 --- [main] o.hibernate.jpa.internal.util.LogHelper  : HHH000204: Processing PersistenceUnitInfo [name: default]
2024-03-07T10:57:04.209+09:00  INFO 55200 --- [main] org.hibernate.Version                    : HHH000412: Hibernate ORM core version 6.4.1.Final
2024-03-07T10:57:04.305+09:00  INFO 55200 --- [main] o.h.c.internal.RegionFactoryInitiator    : HHH000026: Second-level cache disabled
2024-03-07T10:57:04.896+09:00  INFO 55200 --- [main] o.s.o.j.p.SpringPersistenceUnitInfo      : No LoadTimeWeaver setup: ignoring JPA class transformer
2024-03-07T10:57:04.957+09:00  INFO 55200 --- [main] com.zaxxer.hikari.HikariDataSource       : HikariPool-1 - Starting...
2024-03-07T10:57:05.328+09:00  INFO 55200 --- [main] com.zaxxer.hikari.pool.HikariPool        : HikariPool-1 - Added connection org.postgresql.jdbc.PgConnection@5280688
2024-03-07T10:57:05.330+09:00  INFO 55200 --- [main] com.zaxxer.hikari.HikariDataSource       : HikariPool-1 - Start completed.
2024-03-07T10:57:06.687+09:00  INFO 55200 --- [main] o.h.e.t.j.p.i.JtaPlatformInitiator       : HHH000489: No JTA platform available (set 'hibernate.transaction.jta.platform' to enable JTA platform integration)
2024-03-07T10:57:06.765+09:00  INFO 55200 --- [main] j.LocalContainerEntityManagerFactoryBean : Initialized JPA EntityManagerFactory for persistence unit 'default'
2024-03-07T10:57:07.684+09:00  WARN 55200 --- [main] JpaBaseConfiguration$JpaWebConfiguration : spring.jpa.open-in-view is enabled by default. Therefore, database queries may be performed during view rendering. Explicitly configure spring.jpa.open-in-view to disable this warning
2024-03-07T10:57:08.239+09:00  INFO 55200 --- [main] o.s.s.web.DefaultSecurityFilterChain     : Will secure any request with [org.springframework.security.web.session.DisableEncodeUrlFilter@639bf405, org.springframework.security.web.context.request.async.WebAsyncManagerIntegrationFilter@eda7dd3, org.springframework.security.web.context.SecurityContextHolderFilter@1da61a29, org.springframework.security.web.header.HeaderWriterFilter@41736818, org.springframework.web.filter.CorsFilter@9d7a853, org.springframework.security.web.csrf.CsrfFilter@6bbac73d, org.springframework.security.web.authentication.logout.LogoutFilter@16279a5d, org.springframework.security.web.authentication.UsernamePasswordAuthenticationFilter@66c32e15, org.springframework.security.web.authentication.ui.DefaultLoginPageGeneratingFilter@66d73e2d, org.springframework.security.web.authentication.ui.DefaultLogoutPageGeneratingFilter@71c69628, org.springframework.security.web.savedrequest.RequestCacheAwareFilter@6b64921f, org.springframework.security.web.servletapi.SecurityContextHolderAwareRequestFilter@439d649c, org.springframework.security.web.authentication.AnonymousAuthenticationFilter@4dc16fc9, org.springframework.security.web.access.ExceptionTranslationFilter@1718de70, org.springframework.security.web.access.intercept.AuthorizationFilter@543a7605]
2024-03-07T10:57:08.779+09:00  INFO 55200 --- [main] o.s.b.w.embedded.tomcat.TomcatWebServer  : Tomcat started on port 8080 (http) with context path ''
2024-03-07T10:57:08.792+09:00  INFO 55200 --- [main] c.e.c.Chapter03testApplication           : Started Chapter03testApplication in 8.937 seconds (process running for 9.503)
2024-03-07T10:57:13.125+09:00  INFO 55200 --- [http-nio-8080-exec-1] o.a.c.c.C.[Tomcat].[localhost].[/]       : Initializing Spring DispatcherServlet 'dispatcherServlet'
2024-03-07T10:57:13.126+09:00  INFO 55200 --- [http-nio-8080-exec-1] o.s.web.servlet.DispatcherServlet        : Initializing Servlet 'dispatcherServlet'
2024-03-07T10:57:13.128+09:00  INFO 55200 --- [http-nio-8080-exec-1] o.s.web.servlet.DispatcherServlet        : Completed initialization in 2 ms
2024-03-07T10:59:57.150+09:00  INFO 59840 --- [main] c.e.c.Chapter03testApplication           : Starting Chapter03testApplication using Java 21.0.2 with PID 59840 (C:\java\web\chapter03\chapter03testassesment\build\classes\java\main started by fox-hound in C:\java\web\chapter03\chapter03testassesment)
2024-03-07T10:59:57.155+09:00  INFO 59840 --- [main] c.e.c.Chapter03testApplication           : No active profile set, falling back to 1 default profile: "default"
2024-03-07T10:59:58.538+09:00  INFO 59840 --- [main] .s.d.r.c.RepositoryConfigurationDelegate : Bootstrapping Spring Data JPA repositories in DEFAULT mode.
2024-03-07T10:59:58.629+09:00  INFO 59840 --- [main] .s.d.r.c.RepositoryConfigurationDelegate : Finished Spring Data repository scanning in 74 ms. Found 2 JPA repository interfaces.
2024-03-07T10:59:59.752+09:00  INFO 59840 --- [main] o.s.b.w.embedded.tomcat.TomcatWebServer  : Tomcat initialized with port 8080 (http)
2024-03-07T10:59:59.780+09:00  INFO 59840 --- [main] o.apache.catalina.core.StandardService   : Starting service [Tomcat]
2024-03-07T10:59:59.781+09:00  INFO 59840 --- [main] o.apache.catalina.core.StandardEngine    : Starting Servlet engine: [Apache Tomcat/10.1.18]
2024-03-07T10:59:59.899+09:00  INFO 59840 --- [main] o.a.c.c.C.[Tomcat].[localhost].[/]       : Initializing Spring embedded WebApplicationContext
2024-03-07T10:59:59.901+09:00  INFO 59840 --- [main] w.s.c.ServletWebServerApplicationContext : Root WebApplicationContext: initialization completed in 2660 ms
2024-03-07T11:00:00.314+09:00  INFO 59840 --- [main] o.hibernate.jpa.internal.util.LogHelper  : HHH000204: Processing PersistenceUnitInfo [name: default]
2024-03-07T11:00:00.499+09:00  INFO 59840 --- [main] org.hibernate.Version                    : HHH000412: Hibernate ORM core version 6.4.1.Final
2024-03-07T11:00:00.599+09:00  INFO 59840 --- [main] o.h.c.internal.RegionFactoryInitiator    : HHH000026: Second-level cache disabled
2024-03-07T11:00:01.055+09:00  INFO 59840 --- [main] o.s.o.j.p.SpringPersistenceUnitInfo      : No LoadTimeWeaver setup: ignoring JPA class transformer
2024-03-07T11:00:01.109+09:00  INFO 59840 --- [main] com.zaxxer.hikari.HikariDataSource       : HikariPool-1 - Starting...
2024-03-07T11:00:01.484+09:00  INFO 59840 --- [main] com.zaxxer.hikari.pool.HikariPool        : HikariPool-1 - Added connection org.postgresql.jdbc.PgConnection@36463b09
2024-03-07T11:00:01.488+09:00  INFO 59840 --- [main] com.zaxxer.hikari.HikariDataSource       : HikariPool-1 - Start completed.
2024-03-07T11:00:02.872+09:00  INFO 59840 --- [main] o.h.e.t.j.p.i.JtaPlatformInitiator       : HHH000489: No JTA platform available (set 'hibernate.transaction.jta.platform' to enable JTA platform integration)
2024-03-07T11:00:02.963+09:00  INFO 59840 --- [main] j.LocalContainerEntityManagerFactoryBean : Initialized JPA EntityManagerFactory for persistence unit 'default'
2024-03-07T11:00:03.669+09:00  WARN 59840 --- [main] JpaBaseConfiguration$JpaWebConfiguration : spring.jpa.open-in-view is enabled by default. Therefore, database queries may be performed during view rendering. Explicitly configure spring.jpa.open-in-view to disable this warning
2024-03-07T11:00:04.160+09:00  INFO 59840 --- [main] o.s.s.web.DefaultSecurityFilterChain     : Will secure any request with [org.springframework.security.web.session.DisableEncodeUrlFilter@48d14ea0, org.springframework.security.web.context.request.async.WebAsyncManagerIntegrationFilter@21251e43, org.springframework.security.web.context.SecurityContextHolderFilter@4e53c6ef, org.springframework.security.web.header.HeaderWriterFilter@507fecf3, org.springframework.web.filter.CorsFilter@677274e7, org.springframework.security.web.csrf.CsrfFilter@279e85eb, org.springframework.security.web.authentication.logout.LogoutFilter@439d649c, org.springframework.security.web.authentication.UsernamePasswordAuthenticationFilter@2433bcd4, org.springframework.security.web.authentication.ui.DefaultLoginPageGeneratingFilter@8de8b07, org.springframework.security.web.authentication.ui.DefaultLogoutPageGeneratingFilter@54c17a2b, org.springframework.security.web.savedrequest.RequestCacheAwareFilter@345af277, org.springframework.security.web.servletapi.SecurityContextHolderAwareRequestFilter@96448ee, org.springframework.security.web.authentication.AnonymousAuthenticationFilter@16279a5d, org.springframework.security.web.access.ExceptionTranslationFilter@341c0dfc, org.springframework.security.web.access.intercept.AuthorizationFilter@36ae17ef]
2024-03-07T11:00:04.809+09:00  INFO 59840 --- [main] o.s.b.w.embedded.tomcat.TomcatWebServer  : Tomcat started on port 8080 (http) with context path ''
2024-03-07T11:00:04.830+09:00  INFO 59840 --- [main] c.e.c.Chapter03testApplication           : Started Chapter03testApplication in 8.286 seconds (process running for 8.841)
2024-03-07T11:00:13.355+09:00  INFO 59840 --- [http-nio-8080-exec-5] o.a.c.c.C.[Tomcat].[localhost].[/]       : Initializing Spring DispatcherServlet 'dispatcherServlet'
2024-03-07T11:00:13.355+09:00  INFO 59840 --- [http-nio-8080-exec-5] o.s.web.servlet.DispatcherServlet        : Initializing Servlet 'dispatcherServlet'
2024-03-07T11:00:13.357+09:00  INFO 59840 --- [http-nio-8080-exec-5] o.s.web.servlet.DispatcherServlet        : Completed initialization in 1 ms
2024-03-07T11:00:56.624+09:00  INFO 47400 --- [main] c.e.c.Chapter03testApplication           : Starting Chapter03testApplication using Java 21.0.2 with PID 47400 (C:\java\web\chapter03\chapter03testassesment\build\classes\java\main started by fox-hound in C:\java\web\chapter03\chapter03testassesment)
2024-03-07T11:00:56.627+09:00  INFO 47400 --- [main] c.e.c.Chapter03testApplication           : No active profile set, falling back to 1 default profile: "default"
2024-03-07T11:00:58.181+09:00  INFO 47400 --- [main] .s.d.r.c.RepositoryConfigurationDelegate : Bootstrapping Spring Data JPA repositories in DEFAULT mode.
2024-03-07T11:00:58.248+09:00  INFO 47400 --- [main] .s.d.r.c.RepositoryConfigurationDelegate : Finished Spring Data repository scanning in 56 ms. Found 2 JPA repository interfaces.
2024-03-07T11:00:59.577+09:00  INFO 47400 --- [main] o.s.b.w.embedded.tomcat.TomcatWebServer  : Tomcat initialized with port 8080 (http)
2024-03-07T11:00:59.609+09:00  INFO 47400 --- [main] o.apache.catalina.core.StandardService   : Starting service [Tomcat]
2024-03-07T11:00:59.610+09:00  INFO 47400 --- [main] o.apache.catalina.core.StandardEngine    : Starting Servlet engine: [Apache Tomcat/10.1.18]
2024-03-07T11:00:59.771+09:00  INFO 47400 --- [main] o.a.c.c.C.[Tomcat].[localhost].[/]       : Initializing Spring embedded WebApplicationContext
2024-03-07T11:00:59.772+09:00  INFO 47400 --- [main] w.s.c.ServletWebServerApplicationContext : Root WebApplicationContext: initialization completed in 3050 ms
2024-03-07T11:01:00.178+09:00  INFO 47400 --- [main] o.hibernate.jpa.internal.util.LogHelper  : HHH000204: Processing PersistenceUnitInfo [name: default]
2024-03-07T11:01:00.299+09:00  INFO 47400 --- [main] org.hibernate.Version                    : HHH000412: Hibernate ORM core version 6.4.1.Final
2024-03-07T11:01:00.363+09:00  INFO 47400 --- [main] o.h.c.internal.RegionFactoryInitiator    : HHH000026: Second-level cache disabled
2024-03-07T11:01:00.812+09:00  INFO 47400 --- [main] o.s.o.j.p.SpringPersistenceUnitInfo      : No LoadTimeWeaver setup: ignoring JPA class transformer
2024-03-07T11:01:00.848+09:00  INFO 47400 --- [main] com.zaxxer.hikari.HikariDataSource       : HikariPool-1 - Starting...
2024-03-07T11:01:01.091+09:00  INFO 47400 --- [main] com.zaxxer.hikari.pool.HikariPool        : HikariPool-1 - Added connection org.postgresql.jdbc.PgConnection@5280688
2024-03-07T11:01:01.093+09:00  INFO 47400 --- [main] com.zaxxer.hikari.HikariDataSource       : HikariPool-1 - Start completed.
2024-03-07T11:01:02.292+09:00  INFO 47400 --- [main] o.h.e.t.j.p.i.JtaPlatformInitiator       : HHH000489: No JTA platform available (set 'hibernate.transaction.jta.platform' to enable JTA platform integration)
2024-03-07T11:01:02.373+09:00  INFO 47400 --- [main] j.LocalContainerEntityManagerFactoryBean : Initialized JPA EntityManagerFactory for persistence unit 'default'
2024-03-07T11:01:03.163+09:00  WARN 47400 --- [main] JpaBaseConfiguration$JpaWebConfiguration : spring.jpa.open-in-view is enabled by default. Therefore, database queries may be performed during view rendering. Explicitly configure spring.jpa.open-in-view to disable this warning
2024-03-07T11:01:03.711+09:00  INFO 47400 --- [main] o.s.s.web.DefaultSecurityFilterChain     : Will secure any request with [org.springframework.security.web.session.DisableEncodeUrlFilter@639bf405, org.springframework.security.web.context.request.async.WebAsyncManagerIntegrationFilter@eda7dd3, org.springframework.security.web.context.SecurityContextHolderFilter@1da61a29, org.springframework.security.web.header.HeaderWriterFilter@41736818, org.springframework.web.filter.CorsFilter@9d7a853, org.springframework.security.web.csrf.CsrfFilter@6bbac73d, org.springframework.security.web.authentication.logout.LogoutFilter@16279a5d, org.springframework.security.web.authentication.UsernamePasswordAuthenticationFilter@66c32e15, org.springframework.security.web.authentication.ui.DefaultLoginPageGeneratingFilter@66d73e2d, org.springframework.security.web.authentication.ui.DefaultLogoutPageGeneratingFilter@71c69628, org.springframework.security.web.savedrequest.RequestCacheAwareFilter@6b64921f, org.springframework.security.web.servletapi.SecurityContextHolderAwareRequestFilter@439d649c, org.springframework.security.web.authentication.AnonymousAuthenticationFilter@4dc16fc9, org.springframework.security.web.access.ExceptionTranslationFilter@1718de70, org.springframework.security.web.access.intercept.AuthorizationFilter@543a7605]
2024-03-07T11:01:04.215+09:00  INFO 47400 --- [main] o.s.b.w.embedded.tomcat.TomcatWebServer  : Tomcat started on port 8080 (http) with context path ''
2024-03-07T11:01:04.225+09:00  INFO 47400 --- [main] c.e.c.Chapter03testApplication           : Started Chapter03testApplication in 8.274 seconds (process running for 9.003)
2024-03-07T11:01:10.272+09:00  INFO 47400 --- [http-nio-8080-exec-1] o.a.c.c.C.[Tomcat].[localhost].[/]       : Initializing Spring DispatcherServlet 'dispatcherServlet'
2024-03-07T11:01:10.273+09:00  INFO 47400 --- [http-nio-8080-exec-1] o.s.web.servlet.DispatcherServlet        : Initializing Servlet 'dispatcherServlet'
2024-03-07T11:01:10.274+09:00  INFO 47400 --- [http-nio-8080-exec-1] o.s.web.servlet.DispatcherServlet        : Completed initialization in 1 ms
2024-03-07T11:02:10.282+09:00  INFO 20600 --- [main] c.e.c.Chapter03testApplication           : Starting Chapter03testApplication using Java 21.0.2 with PID 20600 (C:\java\web\chapter03\chapter03testassesment\build\classes\java\main started by fox-hound in C:\java\web\chapter03\chapter03testassesment)
2024-03-07T11:02:10.285+09:00  INFO 20600 --- [main] c.e.c.Chapter03testApplication           : No active profile set, falling back to 1 default profile: "default"
2024-03-07T11:02:11.609+09:00  INFO 20600 --- [main] .s.d.r.c.RepositoryConfigurationDelegate : Bootstrapping Spring Data JPA repositories in DEFAULT mode.
2024-03-07T11:02:11.689+09:00  INFO 20600 --- [main] .s.d.r.c.RepositoryConfigurationDelegate : Finished Spring Data repository scanning in 68 ms. Found 2 JPA repository interfaces.
2024-03-07T11:02:12.728+09:00  INFO 20600 --- [main] o.s.b.w.embedded.tomcat.TomcatWebServer  : Tomcat initialized with port 8080 (http)
2024-03-07T11:02:12.758+09:00  INFO 20600 --- [main] o.apache.catalina.core.StandardService   : Starting service [Tomcat]
2024-03-07T11:02:12.759+09:00  INFO 20600 --- [main] o.apache.catalina.core.StandardEngine    : Starting Servlet engine: [Apache Tomcat/10.1.18]
2024-03-07T11:02:12.899+09:00  INFO 20600 --- [main] o.a.c.c.C.[Tomcat].[localhost].[/]       : Initializing Spring embedded WebApplicationContext
2024-03-07T11:02:12.900+09:00  INFO 20600 --- [main] w.s.c.ServletWebServerApplicationContext : Root WebApplicationContext: initialization completed in 2514 ms
2024-03-07T11:02:13.221+09:00  INFO 20600 --- [main] o.hibernate.jpa.internal.util.LogHelper  : HHH000204: Processing PersistenceUnitInfo [name: default]
2024-03-07T11:02:13.358+09:00  INFO 20600 --- [main] org.hibernate.Version                    : HHH000412: Hibernate ORM core version 6.4.1.Final
2024-03-07T11:02:13.458+09:00  INFO 20600 --- [main] o.h.c.internal.RegionFactoryInitiator    : HHH000026: Second-level cache disabled
2024-03-07T11:02:14.069+09:00  INFO 20600 --- [main] o.s.o.j.p.SpringPersistenceUnitInfo      : No LoadTimeWeaver setup: ignoring JPA class transformer
2024-03-07T11:02:14.104+09:00  INFO 20600 --- [main] com.zaxxer.hikari.HikariDataSource       : HikariPool-1 - Starting...
2024-03-07T11:02:14.388+09:00  INFO 20600 --- [main] com.zaxxer.hikari.pool.HikariPool        : HikariPool-1 - Added connection org.postgresql.jdbc.PgConnection@43588265
2024-03-07T11:02:14.392+09:00  INFO 20600 --- [main] com.zaxxer.hikari.HikariDataSource       : HikariPool-1 - Start completed.
2024-03-07T11:02:15.600+09:00  INFO 20600 --- [main] o.h.e.t.j.p.i.JtaPlatformInitiator       : HHH000489: No JTA platform available (set 'hibernate.transaction.jta.platform' to enable JTA platform integration)
2024-03-07T11:02:15.694+09:00  INFO 20600 --- [main] j.LocalContainerEntityManagerFactoryBean : Initialized JPA EntityManagerFactory for persistence unit 'default'
2024-03-07T11:02:16.287+09:00  WARN 20600 --- [main] JpaBaseConfiguration$JpaWebConfiguration : spring.jpa.open-in-view is enabled by default. Therefore, database queries may be performed during view rendering. Explicitly configure spring.jpa.open-in-view to disable this warning
2024-03-07T11:02:16.879+09:00  INFO 20600 --- [main] o.s.s.web.DefaultSecurityFilterChain     : Will secure any request with [org.springframework.security.web.session.DisableEncodeUrlFilter@16279a5d, org.springframework.security.web.context.request.async.WebAsyncManagerIntegrationFilter@1f7949dc, org.springframework.security.web.context.SecurityContextHolderFilter@59509393, org.springframework.security.web.header.HeaderWriterFilter@6164b3a2, org.springframework.web.filter.CorsFilter@6bd8c398, org.springframework.security.web.csrf.CsrfFilter@22349ad3, org.springframework.security.web.authentication.logout.LogoutFilter@32084a01, org.springframework.security.web.authentication.UsernamePasswordAuthenticationFilter@63e40188, org.springframework.security.web.authentication.ui.DefaultLoginPageGeneratingFilter@6c6c93f8, org.springframework.security.web.authentication.ui.DefaultLogoutPageGeneratingFilter@3497ecea, org.springframework.security.web.savedrequest.RequestCacheAwareFilter@7ec75228, org.springframework.security.web.servletapi.SecurityContextHolderAwareRequestFilter@55cf5626, org.springframework.security.web.authentication.AnonymousAuthenticationFilter@1e487d57, org.springframework.security.web.access.ExceptionTranslationFilter@6bbac73d, org.springframework.security.web.access.intercept.AuthorizationFilter@677274e7]
2024-03-07T11:02:17.299+09:00  INFO 20600 --- [main] o.s.b.w.embedded.tomcat.TomcatWebServer  : Tomcat started on port 8080 (http) with context path ''
2024-03-07T11:02:17.312+09:00  INFO 20600 --- [main] c.e.c.Chapter03testApplication           : Started Chapter03testApplication in 7.673 seconds (process running for 8.106)
2024-03-07T11:02:22.458+09:00  INFO 20600 --- [http-nio-8080-exec-1] o.a.c.c.C.[Tomcat].[localhost].[/]       : Initializing Spring DispatcherServlet 'dispatcherServlet'
2024-03-07T11:02:22.459+09:00  INFO 20600 --- [http-nio-8080-exec-1] o.s.web.servlet.DispatcherServlet        : Initializing Servlet 'dispatcherServlet'
2024-03-07T11:02:22.463+09:00  INFO 20600 --- [http-nio-8080-exec-1] o.s.web.servlet.DispatcherServlet        : Completed initialization in 3 ms
2024-03-07T11:02:30.830+09:00  INFO 16976 --- [main] c.e.c.Chapter03testApplication           : Starting Chapter03testApplication using Java 21.0.2 with PID 16976 (C:\java\web\chapter03\chapter03testassesment\build\classes\java\main started by fox-hound in C:\java\web\chapter03\chapter03testassesment)
2024-03-07T11:02:30.836+09:00  INFO 16976 --- [main] c.e.c.Chapter03testApplication           : No active profile set, falling back to 1 default profile: "default"
2024-03-07T11:02:31.945+09:00  INFO 16976 --- [main] .s.d.r.c.RepositoryConfigurationDelegate : Bootstrapping Spring Data JPA repositories in DEFAULT mode.
2024-03-07T11:02:32.013+09:00  INFO 16976 --- [main] .s.d.r.c.RepositoryConfigurationDelegate : Finished Spring Data repository scanning in 59 ms. Found 2 JPA repository interfaces.
2024-03-07T11:02:33.054+09:00  INFO 16976 --- [main] o.s.b.w.embedded.tomcat.TomcatWebServer  : Tomcat initialized with port 8080 (http)
2024-03-07T11:02:33.082+09:00  INFO 16976 --- [main] o.apache.catalina.core.StandardService   : Starting service [Tomcat]
2024-03-07T11:02:33.084+09:00  INFO 16976 --- [main] o.apache.catalina.core.StandardEngine    : Starting Servlet engine: [Apache Tomcat/10.1.18]
2024-03-07T11:02:33.215+09:00  INFO 16976 --- [main] o.a.c.c.C.[Tomcat].[localhost].[/]       : Initializing Spring embedded WebApplicationContext
2024-03-07T11:02:33.216+09:00  INFO 16976 --- [main] w.s.c.ServletWebServerApplicationContext : Root WebApplicationContext: initialization completed in 2284 ms
2024-03-07T11:02:33.498+09:00  INFO 16976 --- [main] o.hibernate.jpa.internal.util.LogHelper  : HHH000204: Processing PersistenceUnitInfo [name: default]
2024-03-07T11:02:33.614+09:00  INFO 16976 --- [main] org.hibernate.Version                    : HHH000412: Hibernate ORM core version 6.4.1.Final
2024-03-07T11:02:33.679+09:00  INFO 16976 --- [main] o.h.c.internal.RegionFactoryInitiator    : HHH000026: Second-level cache disabled
2024-03-07T11:02:34.011+09:00  INFO 16976 --- [main] o.s.o.j.p.SpringPersistenceUnitInfo      : No LoadTimeWeaver setup: ignoring JPA class transformer
2024-03-07T11:02:34.070+09:00  INFO 16976 --- [main] com.zaxxer.hikari.HikariDataSource       : HikariPool-1 - Starting...
2024-03-07T11:02:34.388+09:00  INFO 16976 --- [main] com.zaxxer.hikari.pool.HikariPool        : HikariPool-1 - Added connection org.postgresql.jdbc.PgConnection@36463b09
2024-03-07T11:02:34.391+09:00  INFO 16976 --- [main] com.zaxxer.hikari.HikariDataSource       : HikariPool-1 - Start completed.
2024-03-07T11:02:35.540+09:00  INFO 16976 --- [main] o.h.e.t.j.p.i.JtaPlatformInitiator       : HHH000489: No JTA platform available (set 'hibernate.transaction.jta.platform' to enable JTA platform integration)
2024-03-07T11:02:35.632+09:00  INFO 16976 --- [main] j.LocalContainerEntityManagerFactoryBean : Initialized JPA EntityManagerFactory for persistence unit 'default'
2024-03-07T11:02:36.236+09:00  WARN 16976 --- [main] JpaBaseConfiguration$JpaWebConfiguration : spring.jpa.open-in-view is enabled by default. Therefore, database queries may be performed during view rendering. Explicitly configure spring.jpa.open-in-view to disable this warning
2024-03-07T11:02:36.777+09:00  INFO 16976 --- [main] o.s.s.web.DefaultSecurityFilterChain     : Will secure any request with [org.springframework.security.web.session.DisableEncodeUrlFilter@66d73e2d, org.springframework.security.web.context.request.async.WebAsyncManagerIntegrationFilter@2433bcd4, org.springframework.security.web.context.SecurityContextHolderFilter@28c75c93, org.springframework.security.web.header.HeaderWriterFilter@5e7ea81b, org.springframework.web.filter.CorsFilter@75d9b73c, org.springframework.security.web.csrf.CsrfFilter@1b08d26f, org.springframework.security.web.authentication.logout.LogoutFilter@6c6c93f8, org.springframework.security.web.authentication.UsernamePasswordAuthenticationFilter@41736818, org.springframework.security.web.authentication.ui.DefaultLoginPageGeneratingFilter@7e0b68e5, org.springframework.security.web.authentication.ui.DefaultLogoutPageGeneratingFilter@5f1a3c4, org.springframework.security.web.savedrequest.RequestCacheAwareFilter@95aeee4, org.springframework.security.web.servletapi.SecurityContextHolderAwareRequestFilter@3c1d6ef0, org.springframework.security.web.authentication.AnonymousAuthenticationFilter@5a08d301, org.springframework.security.web.access.ExceptionTranslationFilter@42fdf45e, org.springframework.security.web.access.intercept.AuthorizationFilter@1a99744a]
2024-03-07T11:02:37.253+09:00  INFO 16976 --- [main] o.s.b.w.embedded.tomcat.TomcatWebServer  : Tomcat started on port 8080 (http) with context path ''
2024-03-07T11:02:37.262+09:00  INFO 16976 --- [main] c.e.c.Chapter03testApplication           : Started Chapter03testApplication in 7.281 seconds (process running for 7.767)
2024-03-07T11:02:40.964+09:00  INFO 16976 --- [http-nio-8080-exec-1] o.a.c.c.C.[Tomcat].[localhost].[/]       : Initializing Spring DispatcherServlet 'dispatcherServlet'
2024-03-07T11:02:40.966+09:00  INFO 16976 --- [http-nio-8080-exec-1] o.s.web.servlet.DispatcherServlet        : Initializing Servlet 'dispatcherServlet'
2024-03-07T11:02:40.968+09:00  INFO 16976 --- [http-nio-8080-exec-1] o.s.web.servlet.DispatcherServlet        : Completed initialization in 1 ms
2024-03-07T11:04:51.687+09:00  INFO 40580 --- [main] c.e.c.Chapter03testApplication           : Starting Chapter03testApplication using Java 21.0.2 with PID 40580 (C:\java\web\chapter03\chapter03testassesment\build\classes\java\main started by fox-hound in C:\java\web\chapter03\chapter03testassesment)
2024-03-07T11:04:51.691+09:00  INFO 40580 --- [main] c.e.c.Chapter03testApplication           : No active profile set, falling back to 1 default profile: "default"
2024-03-07T11:04:52.793+09:00  INFO 40580 --- [main] .s.d.r.c.RepositoryConfigurationDelegate : Bootstrapping Spring Data JPA repositories in DEFAULT mode.
2024-03-07T11:04:52.883+09:00  INFO 40580 --- [main] .s.d.r.c.RepositoryConfigurationDelegate : Finished Spring Data repository scanning in 76 ms. Found 2 JPA repository interfaces.
2024-03-07T11:04:54.065+09:00  INFO 40580 --- [main] o.s.b.w.embedded.tomcat.TomcatWebServer  : Tomcat initialized with port 8080 (http)
2024-03-07T11:04:54.096+09:00  INFO 40580 --- [main] o.apache.catalina.core.StandardService   : Starting service [Tomcat]
2024-03-07T11:04:54.098+09:00  INFO 40580 --- [main] o.apache.catalina.core.StandardEngine    : Starting Servlet engine: [Apache Tomcat/10.1.18]
2024-03-07T11:04:54.213+09:00  INFO 40580 --- [main] o.a.c.c.C.[Tomcat].[localhost].[/]       : Initializing Spring embedded WebApplicationContext
2024-03-07T11:04:54.214+09:00  INFO 40580 --- [main] w.s.c.ServletWebServerApplicationContext : Root WebApplicationContext: initialization completed in 2434 ms
2024-03-07T11:04:54.491+09:00  INFO 40580 --- [main] o.hibernate.jpa.internal.util.LogHelper  : HHH000204: Processing PersistenceUnitInfo [name: default]
2024-03-07T11:04:54.633+09:00  INFO 40580 --- [main] org.hibernate.Version                    : HHH000412: Hibernate ORM core version 6.4.1.Final
2024-03-07T11:04:54.709+09:00  INFO 40580 --- [main] o.h.c.internal.RegionFactoryInitiator    : HHH000026: Second-level cache disabled
2024-03-07T11:04:54.991+09:00  INFO 40580 --- [main] o.s.o.j.p.SpringPersistenceUnitInfo      : No LoadTimeWeaver setup: ignoring JPA class transformer
2024-03-07T11:04:55.059+09:00  INFO 40580 --- [main] com.zaxxer.hikari.HikariDataSource       : HikariPool-1 - Starting...
2024-03-07T11:04:55.388+09:00  INFO 40580 --- [main] com.zaxxer.hikari.pool.HikariPool        : HikariPool-1 - Added connection org.postgresql.jdbc.PgConnection@54f2df29
2024-03-07T11:04:55.392+09:00  INFO 40580 --- [main] com.zaxxer.hikari.HikariDataSource       : HikariPool-1 - Start completed.
2024-03-07T11:04:56.554+09:00  INFO 40580 --- [main] o.h.e.t.j.p.i.JtaPlatformInitiator       : HHH000489: No JTA platform available (set 'hibernate.transaction.jta.platform' to enable JTA platform integration)
2024-03-07T11:04:56.633+09:00  INFO 40580 --- [main] j.LocalContainerEntityManagerFactoryBean : Initialized JPA EntityManagerFactory for persistence unit 'default'
2024-03-07T11:04:57.239+09:00  WARN 40580 --- [main] JpaBaseConfiguration$JpaWebConfiguration : spring.jpa.open-in-view is enabled by default. Therefore, database queries may be performed during view rendering. Explicitly configure spring.jpa.open-in-view to disable this warning
2024-03-07T11:04:57.732+09:00  INFO 40580 --- [main] o.s.s.web.DefaultSecurityFilterChain     : Will secure any request with [org.springframework.security.web.session.DisableEncodeUrlFilter@63e40188, org.springframework.security.web.context.request.async.WebAsyncManagerIntegrationFilter@5b3c2a9f, org.springframework.security.web.context.SecurityContextHolderFilter@3dd27116, org.springframework.security.web.header.HeaderWriterFilter@95aeee4, org.springframework.web.filter.CorsFilter@535b4dbf, org.springframework.security.web.csrf.CsrfFilter@24f77077, org.springframework.security.web.authentication.logout.LogoutFilter@6bfc5296, org.springframework.security.web.authentication.UsernamePasswordAuthenticationFilter@6b64921f, org.springframework.security.web.authentication.ui.DefaultLoginPageGeneratingFilter@6164b3a2, org.springframework.security.web.authentication.ui.DefaultLogoutPageGeneratingFilter@4f571c0e, org.springframework.security.web.savedrequest.RequestCacheAwareFilter@341c0dfc, org.springframework.security.web.servletapi.SecurityContextHolderAwareRequestFilter@7e0b68e5, org.springframework.security.web.authentication.AnonymousAuthenticationFilter@c7cbc2d, org.springframework.security.web.access.ExceptionTranslationFilter@28c75c93, org.springframework.security.web.access.intercept.AuthorizationFilter@5f1a3c4]
2024-03-07T11:04:58.240+09:00  INFO 40580 --- [main] o.s.b.w.embedded.tomcat.TomcatWebServer  : Tomcat started on port 8080 (http) with context path ''
2024-03-07T11:04:58.254+09:00  INFO 40580 --- [main] c.e.c.Chapter03testApplication           : Started Chapter03testApplication in 7.083 seconds (process running for 7.541)
2024-03-07T11:05:01.624+09:00  INFO 40580 --- [http-nio-8080-exec-1] o.a.c.c.C.[Tomcat].[localhost].[/]       : Initializing Spring DispatcherServlet 'dispatcherServlet'
2024-03-07T11:05:01.624+09:00  INFO 40580 --- [http-nio-8080-exec-1] o.s.web.servlet.DispatcherServlet        : Initializing Servlet 'dispatcherServlet'
2024-03-07T11:05:01.626+09:00  INFO 40580 --- [http-nio-8080-exec-1] o.s.web.servlet.DispatcherServlet        : Completed initialization in 1 ms
2024-03-07T11:08:37.676+09:00  INFO 10752 --- [main] c.e.c.Chapter03testApplication           : Starting Chapter03testApplication using Java 21.0.2 with PID 10752 (C:\java\web\chapter03\chapter03testassesment\build\classes\java\main started by fox-hound in C:\java\web\chapter03\chapter03testassesment)
2024-03-07T11:08:37.679+09:00  INFO 10752 --- [main] c.e.c.Chapter03testApplication           : No active profile set, falling back to 1 default profile: "default"
2024-03-07T11:08:39.035+09:00  INFO 10752 --- [main] .s.d.r.c.RepositoryConfigurationDelegate : Bootstrapping Spring Data JPA repositories in DEFAULT mode.
2024-03-07T11:08:39.112+09:00  INFO 10752 --- [main] .s.d.r.c.RepositoryConfigurationDelegate : Finished Spring Data repository scanning in 66 ms. Found 2 JPA repository interfaces.
2024-03-07T11:08:40.321+09:00  INFO 10752 --- [main] o.s.b.w.embedded.tomcat.TomcatWebServer  : Tomcat initialized with port 8080 (http)
2024-03-07T11:08:40.364+09:00  INFO 10752 --- [main] o.apache.catalina.core.StandardService   : Starting service [Tomcat]
2024-03-07T11:08:40.365+09:00  INFO 10752 --- [main] o.apache.catalina.core.StandardEngine    : Starting Servlet engine: [Apache Tomcat/10.1.18]
2024-03-07T11:08:40.486+09:00  INFO 10752 --- [main] o.a.c.c.C.[Tomcat].[localhost].[/]       : Initializing Spring embedded WebApplicationContext
2024-03-07T11:08:40.487+09:00  INFO 10752 --- [main] w.s.c.ServletWebServerApplicationContext : Root WebApplicationContext: initialization completed in 2715 ms
2024-03-07T11:08:40.801+09:00  INFO 10752 --- [main] o.hibernate.jpa.internal.util.LogHelper  : HHH000204: Processing PersistenceUnitInfo [name: default]
2024-03-07T11:08:40.952+09:00  INFO 10752 --- [main] org.hibernate.Version                    : HHH000412: Hibernate ORM core version 6.4.1.Final
2024-03-07T11:08:41.010+09:00  INFO 10752 --- [main] o.h.c.internal.RegionFactoryInitiator    : HHH000026: Second-level cache disabled
2024-03-07T11:08:41.400+09:00  INFO 10752 --- [main] o.s.o.j.p.SpringPersistenceUnitInfo      : No LoadTimeWeaver setup: ignoring JPA class transformer
2024-03-07T11:08:41.432+09:00  INFO 10752 --- [main] com.zaxxer.hikari.HikariDataSource       : HikariPool-1 - Starting...
2024-03-07T11:08:41.651+09:00  INFO 10752 --- [main] com.zaxxer.hikari.pool.HikariPool        : HikariPool-1 - Added connection org.postgresql.jdbc.PgConnection@20b829d5
2024-03-07T11:08:41.657+09:00  INFO 10752 --- [main] com.zaxxer.hikari.HikariDataSource       : HikariPool-1 - Start completed.
2024-03-07T11:08:42.958+09:00  INFO 10752 --- [main] o.h.e.t.j.p.i.JtaPlatformInitiator       : HHH000489: No JTA platform available (set 'hibernate.transaction.jta.platform' to enable JTA platform integration)
2024-03-07T11:08:43.052+09:00  INFO 10752 --- [main] j.LocalContainerEntityManagerFactoryBean : Initialized JPA EntityManagerFactory for persistence unit 'default'
2024-03-07T11:08:43.837+09:00  WARN 10752 --- [main] JpaBaseConfiguration$JpaWebConfiguration : spring.jpa.open-in-view is enabled by default. Therefore, database queries may be performed during view rendering. Explicitly configure spring.jpa.open-in-view to disable this warning
2024-03-07T11:08:44.361+09:00  INFO 10752 --- [main] o.s.s.web.DefaultSecurityFilterChain     : Will secure any request with [org.springframework.security.web.session.DisableEncodeUrlFilter@69e736bf, org.springframework.security.web.context.request.async.WebAsyncManagerIntegrationFilter@6b60d99c, org.springframework.security.web.context.SecurityContextHolderFilter@6bfc5296, org.springframework.security.web.header.HeaderWriterFilter@3a720ae3, org.springframework.web.filter.CorsFilter@543a7605, org.springframework.security.web.csrf.CsrfFilter@341c0dfc, org.springframework.security.web.authentication.logout.LogoutFilter@48d14ea0, org.springframework.security.web.authentication.UsernamePasswordAuthenticationFilter@6bd8c398, org.springframework.security.web.authentication.ui.DefaultLoginPageGeneratingFilter@6e475994, org.springframework.security.web.authentication.ui.DefaultLogoutPageGeneratingFilter@33997e07, org.springframework.security.web.savedrequest.RequestCacheAwareFilter@457d3f54, org.springframework.security.web.servletapi.SecurityContextHolderAwareRequestFilter@144792d5, org.springframework.security.web.authentication.AnonymousAuthenticationFilter@639bf405, org.springframework.security.web.access.ExceptionTranslationFilter@6c6c93f8, org.springframework.security.web.access.intercept.AuthorizationFilter@7dd847a2]
2024-03-07T11:08:44.869+09:00  INFO 10752 --- [main] o.s.b.w.embedded.tomcat.TomcatWebServer  : Tomcat started on port 8080 (http) with context path ''
2024-03-07T11:08:44.885+09:00  INFO 10752 --- [main] c.e.c.Chapter03testApplication           : Started Chapter03testApplication in 7.697 seconds (process running for 8.192)
2024-03-07T11:08:55.690+09:00  INFO 10752 --- [http-nio-8080-exec-2] o.a.c.c.C.[Tomcat].[localhost].[/]       : Initializing Spring DispatcherServlet 'dispatcherServlet'
2024-03-07T11:08:55.691+09:00  INFO 10752 --- [http-nio-8080-exec-2] o.s.web.servlet.DispatcherServlet        : Initializing Servlet 'dispatcherServlet'
2024-03-07T11:08:55.694+09:00  INFO 10752 --- [http-nio-8080-exec-2] o.s.web.servlet.DispatcherServlet        : Completed initialization in 2 ms
2024-03-07T13:21:46.736+09:00  INFO 36700 --- [main] c.e.c.Chapter03testApplication           : Starting Chapter03testApplication using Java 21.0.2 with PID 36700 (C:\Users\Admin\Documents\classRoomWork\springbootchapter3assessment\bin\main started by Admin in C:\Users\Admin\Documents\classRoomWork\springbootchapter3assessment)
2024-03-07T13:21:46.744+09:00  INFO 36700 --- [main] c.e.c.Chapter03testApplication           : No active profile set, falling back to 1 default profile: "default"
2024-03-07T13:21:48.876+09:00  INFO 36700 --- [main] .s.d.r.c.RepositoryConfigurationDelegate : Bootstrapping Spring Data JPA repositories in DEFAULT mode.
2024-03-07T13:21:49.032+09:00  INFO 36700 --- [main] .s.d.r.c.RepositoryConfigurationDelegate : Finished Spring Data repository scanning in 125 ms. Found 2 JPA repository interfaces.
2024-03-07T13:21:50.193+09:00  INFO 36700 --- [main] o.s.b.w.embedded.tomcat.TomcatWebServer  : Tomcat initialized with port 8080 (http)
2024-03-07T13:21:50.242+09:00  INFO 36700 --- [main] o.apache.catalina.core.StandardService   : Starting service [Tomcat]
2024-03-07T13:21:50.244+09:00  INFO 36700 --- [main] o.apache.catalina.core.StandardEngine    : Starting Servlet engine: [Apache Tomcat/10.1.18]
2024-03-07T13:21:50.467+09:00  INFO 36700 --- [main] o.a.c.c.C.[Tomcat].[localhost].[/]       : Initializing Spring embedded WebApplicationContext
2024-03-07T13:21:50.468+09:00  INFO 36700 --- [main] w.s.c.ServletWebServerApplicationContext : Root WebApplicationContext: initialization completed in 3572 ms
2024-03-07T13:21:51.739+09:00  INFO 36700 --- [main] o.hibernate.jpa.internal.util.LogHelper  : HHH000204: Processing PersistenceUnitInfo [name: default]
2024-03-07T13:21:51.964+09:00  INFO 36700 --- [main] org.hibernate.Version                    : HHH000412: Hibernate ORM core version 6.4.1.Final
2024-03-07T13:21:52.045+09:00  INFO 36700 --- [main] o.h.c.internal.RegionFactoryInitiator    : HHH000026: Second-level cache disabled
2024-03-07T13:21:52.711+09:00  INFO 36700 --- [main] o.s.o.j.p.SpringPersistenceUnitInfo      : No LoadTimeWeaver setup: ignoring JPA class transformer
2024-03-07T13:21:52.793+09:00  INFO 36700 --- [main] com.zaxxer.hikari.HikariDataSource       : HikariPool-1 - Starting...
2024-03-07T13:21:53.261+09:00  INFO 36700 --- [main] com.zaxxer.hikari.pool.HikariPool        : HikariPool-1 - Added connection org.postgresql.jdbc.PgConnection@4e4d0a0b
2024-03-07T13:21:53.266+09:00  INFO 36700 --- [main] com.zaxxer.hikari.HikariDataSource       : HikariPool-1 - Start completed.
2024-03-07T13:21:55.131+09:00  INFO 36700 --- [main] o.h.e.t.j.p.i.JtaPlatformInitiator       : HHH000489: No JTA platform available (set 'hibernate.transaction.jta.platform' to enable JTA platform integration)
2024-03-07T13:21:55.324+09:00  INFO 36700 --- [main] j.LocalContainerEntityManagerFactoryBean : Initialized JPA EntityManagerFactory for persistence unit 'default'
2024-03-07T13:21:56.146+09:00  WARN 36700 --- [main] JpaBaseConfiguration$JpaWebConfiguration : spring.jpa.open-in-view is enabled by default. Therefore, database queries may be performed during view rendering. Explicitly configure spring.jpa.open-in-view to disable this warning
2024-03-07T13:21:56.868+09:00  INFO 36700 --- [main] o.s.s.web.DefaultSecurityFilterChain     : Will secure any request with [org.springframework.security.web.session.DisableEncodeUrlFilter@6e70861, org.springframework.security.web.context.request.async.WebAsyncManagerIntegrationFilter@5fcff272, org.springframework.security.web.context.SecurityContextHolderFilter@26a004ed, org.springframework.security.web.header.HeaderWriterFilter@1013aa94, org.springframework.web.filter.CorsFilter@5b5d6f9c, org.springframework.security.web.csrf.CsrfFilter@44a1ae4e, org.springframework.security.web.authentication.logout.LogoutFilter@4eb3b690, org.springframework.security.web.authentication.UsernamePasswordAuthenticationFilter@689fcf08, org.springframework.security.web.authentication.ui.DefaultLoginPageGeneratingFilter@1773faf8, org.springframework.security.web.authentication.ui.DefaultLogoutPageGeneratingFilter@3514df8d, org.springframework.security.web.savedrequest.RequestCacheAwareFilter@75b6bd41, org.springframework.security.web.servletapi.SecurityContextHolderAwareRequestFilter@21457b14, org.springframework.security.web.authentication.AnonymousAuthenticationFilter@b0e6d4e, org.springframework.security.web.access.ExceptionTranslationFilter@402fdef1, org.springframework.security.web.access.intercept.AuthorizationFilter@35d62807]
2024-03-07T13:21:57.343+09:00  INFO 36700 --- [main] o.s.b.w.embedded.tomcat.TomcatWebServer  : Tomcat started on port 8080 (http) with context path ''
2024-03-07T13:21:57.401+09:00  INFO 36700 --- [main] c.e.c.Chapter03testApplication           : Started Chapter03testApplication in 11.713 seconds (process running for 13.307)
2024-03-07T13:22:13.208+09:00  INFO 36700 --- [http-nio-8080-exec-1] o.a.c.c.C.[Tomcat].[localhost].[/]       : Initializing Spring DispatcherServlet 'dispatcherServlet'
2024-03-07T13:22:13.229+09:00  INFO 36700 --- [http-nio-8080-exec-1] o.s.web.servlet.DispatcherServlet        : Initializing Servlet 'dispatcherServlet'
2024-03-07T13:22:13.238+09:00  INFO 36700 --- [http-nio-8080-exec-1] o.s.web.servlet.DispatcherServlet        : Completed initialization in 3 ms
